2023-04-11 11:58:59,550 INFO supervisord started with pid 1
2023-04-11 11:59:00,552 INFO spawned: 'messenger-consume-parse_00' with pid 7
2023-04-11 11:59:00,555 INFO spawned: 'messenger-consume-parse_01' with pid 8
2023-04-11 11:59:00,665 INFO success: messenger-consume-parse_00 entered RUNNING state, process has stayed up for > than 0 seconds (startsecs)
2023-04-11 11:59:00,665 INFO success: messenger-consume-parse_01 entered RUNNING state, process has stayed up for > than 0 seconds (startsecs)
2023-04-11 11:59:00,688 INFO exited: messenger-consume-parse_01 (exit status 1; not expected)
2023-04-11 11:59:00,690 INFO spawned: 'messenger-consume-parse_01' with pid 13
2023-04-11 11:59:00,690 INFO exited: messenger-consume-parse_00 (exit status 1; not expected)
2023-04-11 11:59:00,749 INFO spawned: 'messenger-consume-parse_00' with pid 16
2023-04-11 11:59:00,749 INFO success: messenger-consume-parse_01 entered RUNNING state, process has stayed up for > than 0 seconds (startsecs)
2023-04-11 11:59:00,752 INFO success: messenger-consume-parse_00 entered RUNNING state, process has stayed up for > than 0 seconds (startsecs)
2023-04-11 11:59:00,761 INFO exited: messenger-consume-parse_01 (exit status 1; not expected)
2023-04-11 11:59:00,820 INFO spawned: 'messenger-consume-parse_01' with pid 19
2023-04-11 11:59:00,823 INFO success: messenger-consume-parse_01 entered RUNNING state, process has stayed up for > than 0 seconds (startsecs)
2023-04-11 11:59:00,833 INFO exited: messenger-consume-parse_00 (exit status 1; not expected)
2023-04-11 11:59:00,884 INFO spawned: 'messenger-consume-parse_00' with pid 22
2023-04-11 11:59:00,886 INFO success: messenger-consume-parse_00 entered RUNNING state, process has stayed up for > than 0 seconds (startsecs)
2023-04-11 11:59:00,899 INFO exited: messenger-consume-parse_01 (exit status 1; not expected)
2023-04-11 11:59:00,946 INFO spawned: 'messenger-consume-parse_01' with pid 25
2023-04-11 11:59:00,949 INFO success: messenger-consume-parse_01 entered RUNNING state, process has stayed up for > than 0 seconds (startsecs)
2023-04-11 11:59:00,958 INFO exited: messenger-consume-parse_00 (exit status 1; not expected)
2023-04-11 11:59:01,013 INFO spawned: 'messenger-consume-parse_00' with pid 28
2023-04-11 11:59:01,016 INFO success: messenger-consume-parse_00 entered RUNNING state, process has stayed up for > than 0 seconds (startsecs)
2023-04-11 11:59:01,032 INFO exited: messenger-consume-parse_01 (exit status 1; not expected)
2023-04-11 11:59:01,084 INFO spawned: 'messenger-consume-parse_01' with pid 31
2023-04-11 11:59:01,087 INFO success: messenger-consume-parse_01 entered RUNNING state, process has stayed up for > than 0 seconds (startsecs)
2023-04-11 11:59:01,100 INFO exited: messenger-consume-parse_00 (exit status 1; not expected)
2023-04-11 11:59:01,148 INFO spawned: 'messenger-consume-parse_00' with pid 34
2023-04-11 11:59:01,151 INFO success: messenger-consume-parse_00 entered RUNNING state, process has stayed up for > than 0 seconds (startsecs)
2023-04-11 11:59:01,161 INFO exited: messenger-consume-parse_01 (exit status 1; not expected)
2023-04-11 11:59:01,215 INFO spawned: 'messenger-consume-parse_01' with pid 37
2023-04-11 11:59:01,217 INFO success: messenger-consume-parse_01 entered RUNNING state, process has stayed up for > than 0 seconds (startsecs)
2023-04-11 11:59:01,231 INFO exited: messenger-consume-parse_00 (exit status 1; not expected)
2023-04-11 11:59:01,278 INFO spawned: 'messenger-consume-parse_00' with pid 40
2023-04-11 11:59:01,281 INFO success: messenger-consume-parse_00 entered RUNNING state, process has stayed up for > than 0 seconds (startsecs)
2023-04-11 11:59:01,291 INFO exited: messenger-consume-parse_01 (exit status 1; not expected)
2023-04-11 11:59:01,343 INFO spawned: 'messenger-consume-parse_01' with pid 43
2023-04-11 11:59:01,346 INFO success: messenger-consume-parse_01 entered RUNNING state, process has stayed up for > than 0 seconds (startsecs)
2023-04-11 11:59:01,356 INFO exited: messenger-consume-parse_00 (exit status 1; not expected)
2023-04-11 11:59:01,414 INFO spawned: 'messenger-consume-parse_00' with pid 46
2023-04-11 11:59:01,421 INFO success: messenger-consume-parse_00 entered RUNNING state, process has stayed up for > than 0 seconds (startsecs)
2023-04-11 11:59:01,432 INFO exited: messenger-consume-parse_01 (exit status 1; not expected)
2023-04-11 11:59:01,475 INFO spawned: 'messenger-consume-parse_01' with pid 49
2023-04-11 11:59:01,478 INFO success: messenger-consume-parse_01 entered RUNNING state, process has stayed up for > than 0 seconds (startsecs)
2023-04-11 11:59:01,488 INFO exited: messenger-consume-parse_00 (exit status 1; not expected)
2023-04-11 11:59:01,539 INFO spawned: 'messenger-consume-parse_00' with pid 52
2023-04-11 11:59:01,541 INFO success: messenger-consume-parse_00 entered RUNNING state, process has stayed up for > than 0 seconds (startsecs)
2023-04-11 11:59:01,555 INFO exited: messenger-consume-parse_01 (exit status 1; not expected)
2023-04-11 11:59:01,610 INFO spawned: 'messenger-consume-parse_01' with pid 55
2023-04-11 11:59:01,614 INFO success: messenger-consume-parse_01 entered RUNNING state, process has stayed up for > than 0 seconds (startsecs)
2023-04-11 11:59:01,627 INFO exited: messenger-consume-parse_00 (exit status 1; not expected)
2023-04-11 11:59:01,672 INFO spawned: 'messenger-consume-parse_00' with pid 58
2023-04-11 11:59:01,674 INFO success: messenger-consume-parse_00 entered RUNNING state, process has stayed up for > than 0 seconds (startsecs)
2023-04-11 11:59:01,688 INFO exited: messenger-consume-parse_01 (exit status 1; not expected)
2023-04-11 11:59:01,735 INFO spawned: 'messenger-consume-parse_01' with pid 61
2023-04-11 11:59:01,738 INFO success: messenger-consume-parse_01 entered RUNNING state, process has stayed up for > than 0 seconds (startsecs)
2023-04-11 11:59:01,749 INFO exited: messenger-consume-parse_00 (exit status 1; not expected)
2023-04-11 11:59:01,801 INFO spawned: 'messenger-consume-parse_00' with pid 64
2023-04-11 11:59:01,804 INFO success: messenger-consume-parse_00 entered RUNNING state, process has stayed up for > than 0 seconds (startsecs)
2023-04-11 11:59:01,819 INFO exited: messenger-consume-parse_01 (exit status 1; not expected)
2023-04-11 11:59:01,904 INFO spawned: 'messenger-consume-parse_01' with pid 73
2023-04-11 11:59:01,906 INFO success: messenger-consume-parse_01 entered RUNNING state, process has stayed up for > than 0 seconds (startsecs)
2023-04-11 11:59:01,916 INFO exited: messenger-consume-parse_00 (exit status 1; not expected)
2023-04-11 11:59:01,962 INFO spawned: 'messenger-consume-parse_00' with pid 76
2023-04-11 11:59:01,964 INFO success: messenger-consume-parse_00 entered RUNNING state, process has stayed up for > than 0 seconds (startsecs)
2023-04-11 11:59:01,976 INFO exited: messenger-consume-parse_01 (exit status 1; not expected)
2023-04-11 11:59:02,034 INFO spawned: 'messenger-consume-parse_01' with pid 79
2023-04-11 11:59:02,036 INFO success: messenger-consume-parse_01 entered RUNNING state, process has stayed up for > than 0 seconds (startsecs)
2023-04-11 11:59:02,045 INFO exited: messenger-consume-parse_00 (exit status 1; not expected)
2023-04-11 11:59:02,097 INFO spawned: 'messenger-consume-parse_00' with pid 82
2023-04-11 11:59:02,099 INFO success: messenger-consume-parse_00 entered RUNNING state, process has stayed up for > than 0 seconds (startsecs)
2023-04-11 11:59:02,109 INFO exited: messenger-consume-parse_01 (exit status 1; not expected)
2023-04-11 11:59:02,159 INFO spawned: 'messenger-consume-parse_01' with pid 85
2023-04-11 11:59:02,162 INFO success: messenger-consume-parse_01 entered RUNNING state, process has stayed up for > than 0 seconds (startsecs)
2023-04-11 11:59:02,178 INFO exited: messenger-consume-parse_00 (exit status 1; not expected)
2023-04-11 11:59:02,228 INFO spawned: 'messenger-consume-parse_00' with pid 88
2023-04-11 11:59:02,230 INFO success: messenger-consume-parse_00 entered RUNNING state, process has stayed up for > than 0 seconds (startsecs)
2023-04-11 11:59:02,239 INFO exited: messenger-consume-parse_01 (exit status 1; not expected)
2023-04-11 11:59:02,290 INFO spawned: 'messenger-consume-parse_01' with pid 91
2023-04-11 11:59:02,293 INFO success: messenger-consume-parse_01 entered RUNNING state, process has stayed up for > than 0 seconds (startsecs)
2023-04-11 11:59:02,305 INFO exited: messenger-consume-parse_00 (exit status 1; not expected)
2023-04-11 11:59:02,354 INFO spawned: 'messenger-consume-parse_00' with pid 94
2023-04-11 11:59:02,356 INFO success: messenger-consume-parse_00 entered RUNNING state, process has stayed up for > than 0 seconds (startsecs)
2023-04-11 11:59:02,371 INFO exited: messenger-consume-parse_01 (exit status 1; not expected)
2023-04-11 11:59:02,416 INFO spawned: 'messenger-consume-parse_01' with pid 97
2023-04-11 11:59:02,419 INFO success: messenger-consume-parse_01 entered RUNNING state, process has stayed up for > than 0 seconds (startsecs)
2023-04-11 11:59:02,428 INFO exited: messenger-consume-parse_00 (exit status 1; not expected)
2023-04-11 11:59:02,485 INFO spawned: 'messenger-consume-parse_00' with pid 100
2023-04-11 11:59:02,488 INFO success: messenger-consume-parse_00 entered RUNNING state, process has stayed up for > than 0 seconds (startsecs)
2023-04-11 11:59:02,502 INFO exited: messenger-consume-parse_01 (exit status 1; not expected)
2023-04-11 11:59:02,559 INFO spawned: 'messenger-consume-parse_01' with pid 103
2023-04-11 11:59:02,562 INFO success: messenger-consume-parse_01 entered RUNNING state, process has stayed up for > than 0 seconds (startsecs)
2023-04-11 11:59:02,571 INFO exited: messenger-consume-parse_00 (exit status 1; not expected)
2023-04-11 11:59:02,626 INFO spawned: 'messenger-consume-parse_00' with pid 106
2023-04-11 11:59:02,629 INFO success: messenger-consume-parse_00 entered RUNNING state, process has stayed up for > than 0 seconds (startsecs)
2023-04-11 11:59:02,642 INFO exited: messenger-consume-parse_01 (exit status 1; not expected)
2023-04-11 11:59:02,693 INFO spawned: 'messenger-consume-parse_01' with pid 109
2023-04-11 11:59:02,696 INFO success: messenger-consume-parse_01 entered RUNNING state, process has stayed up for > than 0 seconds (startsecs)
2023-04-11 11:59:02,707 INFO exited: messenger-consume-parse_00 (exit status 1; not expected)
2023-04-11 11:59:02,757 INFO spawned: 'messenger-consume-parse_00' with pid 112
2023-04-11 11:59:02,760 INFO success: messenger-consume-parse_00 entered RUNNING state, process has stayed up for > than 0 seconds (startsecs)
2023-04-11 11:59:02,776 INFO exited: messenger-consume-parse_01 (exit status 1; not expected)
2023-04-11 11:59:02,835 INFO spawned: 'messenger-consume-parse_01' with pid 115
2023-04-11 11:59:02,838 INFO success: messenger-consume-parse_01 entered RUNNING state, process has stayed up for > than 0 seconds (startsecs)
2023-04-11 11:59:02,853 INFO exited: messenger-consume-parse_00 (exit status 1; not expected)
2023-04-11 11:59:02,900 INFO spawned: 'messenger-consume-parse_00' with pid 118
2023-04-11 11:59:02,903 INFO success: messenger-consume-parse_00 entered RUNNING state, process has stayed up for > than 0 seconds (startsecs)
2023-04-11 11:59:02,912 INFO exited: messenger-consume-parse_01 (exit status 1; not expected)
2023-04-11 11:59:02,959 INFO spawned: 'messenger-consume-parse_01' with pid 121
2023-04-11 11:59:02,961 INFO success: messenger-consume-parse_01 entered RUNNING state, process has stayed up for > than 0 seconds (startsecs)
2023-04-11 11:59:02,976 INFO exited: messenger-consume-parse_00 (exit status 1; not expected)
2023-04-11 11:59:03,028 INFO spawned: 'messenger-consume-parse_00' with pid 124
2023-04-11 11:59:03,031 INFO success: messenger-consume-parse_00 entered RUNNING state, process has stayed up for > than 0 seconds (startsecs)
2023-04-11 11:59:03,046 INFO exited: messenger-consume-parse_01 (exit status 1; not expected)
2023-04-11 11:59:03,101 INFO spawned: 'messenger-consume-parse_01' with pid 127
2023-04-11 11:59:03,104 INFO success: messenger-consume-parse_01 entered RUNNING state, process has stayed up for > than 0 seconds (startsecs)
2023-04-11 11:59:03,116 INFO exited: messenger-consume-parse_00 (exit status 1; not expected)
2023-04-11 11:59:03,166 INFO spawned: 'messenger-consume-parse_00' with pid 130
2023-04-11 11:59:03,169 INFO success: messenger-consume-parse_00 entered RUNNING state, process has stayed up for > than 0 seconds (startsecs)
2023-04-11 11:59:03,179 INFO exited: messenger-consume-parse_01 (exit status 1; not expected)
2023-04-11 11:59:03,230 INFO spawned: 'messenger-consume-parse_01' with pid 133
2023-04-11 11:59:03,233 INFO success: messenger-consume-parse_01 entered RUNNING state, process has stayed up for > than 0 seconds (startsecs)
2023-04-11 11:59:03,246 INFO exited: messenger-consume-parse_00 (exit status 1; not expected)
2023-04-11 11:59:03,295 INFO spawned: 'messenger-consume-parse_00' with pid 136
2023-04-11 11:59:03,299 INFO success: messenger-consume-parse_00 entered RUNNING state, process has stayed up for > than 0 seconds (startsecs)
2023-04-11 11:59:03,311 INFO exited: messenger-consume-parse_01 (exit status 1; not expected)
2023-04-11 11:59:03,365 INFO spawned: 'messenger-consume-parse_01' with pid 139
2023-04-11 11:59:03,367 INFO success: messenger-consume-parse_01 entered RUNNING state, process has stayed up for > than 0 seconds (startsecs)
2023-04-11 11:59:03,381 INFO exited: messenger-consume-parse_00 (exit status 1; not expected)
2023-04-11 11:59:03,435 INFO spawned: 'messenger-consume-parse_00' with pid 142
2023-04-11 11:59:03,438 INFO success: messenger-consume-parse_00 entered RUNNING state, process has stayed up for > than 0 seconds (startsecs)
2023-04-11 11:59:03,452 INFO exited: messenger-consume-parse_01 (exit status 1; not expected)
2023-04-11 11:59:03,503 INFO spawned: 'messenger-consume-parse_01' with pid 145
2023-04-11 11:59:03,506 INFO success: messenger-consume-parse_01 entered RUNNING state, process has stayed up for > than 0 seconds (startsecs)
2023-04-11 12:00:21,678 WARN received SIGQUIT indicating exit request
2023-04-11 12:00:21,678 INFO waiting for messenger-consume-parse_00, messenger-consume-parse_01 to die
2023-04-11 12:00:21,683 INFO stopped: messenger-consume-parse_00 (terminated by SIGTERM)
2023-04-11 12:00:21,683 INFO stopped: messenger-consume-parse_01 (terminated by SIGTERM)
2023-04-11 12:08:44,016 INFO supervisord started with pid 1
2023-04-11 12:08:45,019 INFO spawned: 'messenger-consume-parse_00' with pid 7
2023-04-11 12:08:45,021 INFO spawned: 'messenger-consume-parse_01' with pid 8
2023-04-11 12:08:45,089 INFO success: messenger-consume-parse_00 entered RUNNING state, process has stayed up for > than 0 seconds (startsecs)
2023-04-11 12:08:45,089 INFO success: messenger-consume-parse_01 entered RUNNING state, process has stayed up for > than 0 seconds (startsecs)
2023-04-11 12:08:45,106 INFO exited: messenger-consume-parse_01 (exit status 1; not expected)
2023-04-11 12:08:45,108 INFO spawned: 'messenger-consume-parse_01' with pid 13
2023-04-11 12:08:45,109 INFO success: messenger-consume-parse_01 entered RUNNING state, process has stayed up for > than 0 seconds (startsecs)
2023-04-11 12:08:45,117 INFO exited: messenger-consume-parse_00 (exit status 1; not expected)
2023-04-11 12:08:45,175 INFO spawned: 'messenger-consume-parse_00' with pid 16
2023-04-11 12:08:45,178 INFO success: messenger-consume-parse_00 entered RUNNING state, process has stayed up for > than 0 seconds (startsecs)
2023-04-11 12:08:45,189 INFO exited: messenger-consume-parse_01 (exit status 1; not expected)
2023-04-11 12:08:45,240 INFO spawned: 'messenger-consume-parse_01' with pid 19
2023-04-11 12:08:45,243 INFO success: messenger-consume-parse_01 entered RUNNING state, process has stayed up for > than 0 seconds (startsecs)
2023-04-11 12:08:45,252 INFO exited: messenger-consume-parse_00 (exit status 1; not expected)
2023-04-11 12:08:45,298 INFO spawned: 'messenger-consume-parse_00' with pid 22
2023-04-11 12:08:45,301 INFO success: messenger-consume-parse_00 entered RUNNING state, process has stayed up for > than 0 seconds (startsecs)
2023-04-11 12:08:45,312 INFO exited: messenger-consume-parse_01 (exit status 1; not expected)
2023-04-11 12:08:45,357 INFO spawned: 'messenger-consume-parse_01' with pid 25
2023-04-11 12:08:45,359 INFO success: messenger-consume-parse_01 entered RUNNING state, process has stayed up for > than 0 seconds (startsecs)
2023-04-11 12:08:45,373 INFO exited: messenger-consume-parse_00 (exit status 1; not expected)
2023-04-11 12:08:45,420 INFO spawned: 'messenger-consume-parse_00' with pid 28
2023-04-11 12:08:45,423 INFO success: messenger-consume-parse_00 entered RUNNING state, process has stayed up for > than 0 seconds (startsecs)
2023-04-11 12:08:45,439 INFO exited: messenger-consume-parse_01 (exit status 1; not expected)
2023-04-11 12:08:45,481 INFO spawned: 'messenger-consume-parse_01' with pid 31
2023-04-11 12:08:45,484 INFO success: messenger-consume-parse_01 entered RUNNING state, process has stayed up for > than 0 seconds (startsecs)
2023-04-11 12:08:45,497 INFO exited: messenger-consume-parse_00 (exit status 1; not expected)
2023-04-11 12:08:45,556 INFO spawned: 'messenger-consume-parse_00' with pid 34
2023-04-11 12:08:45,562 INFO success: messenger-consume-parse_00 entered RUNNING state, process has stayed up for > than 0 seconds (startsecs)
2023-04-11 12:08:45,571 INFO exited: messenger-consume-parse_01 (exit status 1; not expected)
2023-04-11 12:08:45,619 INFO spawned: 'messenger-consume-parse_01' with pid 37
2023-04-11 12:08:45,622 INFO success: messenger-consume-parse_01 entered RUNNING state, process has stayed up for > than 0 seconds (startsecs)
2023-04-11 12:08:45,633 INFO exited: messenger-consume-parse_00 (exit status 1; not expected)
2023-04-11 12:08:45,696 INFO spawned: 'messenger-consume-parse_00' with pid 40
2023-04-11 12:08:45,699 INFO success: messenger-consume-parse_00 entered RUNNING state, process has stayed up for > than 0 seconds (startsecs)
2023-04-11 12:08:45,708 INFO exited: messenger-consume-parse_01 (exit status 1; not expected)
2023-04-11 12:08:45,766 INFO spawned: 'messenger-consume-parse_01' with pid 43
2023-04-11 12:08:45,769 INFO success: messenger-consume-parse_01 entered RUNNING state, process has stayed up for > than 0 seconds (startsecs)
2023-04-11 12:08:45,782 INFO exited: messenger-consume-parse_00 (exit status 1; not expected)
2023-04-11 12:08:45,830 INFO spawned: 'messenger-consume-parse_00' with pid 46
2023-04-11 12:08:45,833 INFO success: messenger-consume-parse_00 entered RUNNING state, process has stayed up for > than 0 seconds (startsecs)
2023-04-11 12:08:45,848 INFO exited: messenger-consume-parse_01 (exit status 1; not expected)
2023-04-11 12:08:45,901 INFO spawned: 'messenger-consume-parse_01' with pid 49
2023-04-11 12:08:45,905 INFO success: messenger-consume-parse_01 entered RUNNING state, process has stayed up for > than 0 seconds (startsecs)
2023-04-11 12:08:45,918 INFO exited: messenger-consume-parse_00 (exit status 1; not expected)
2023-04-11 12:08:45,963 INFO spawned: 'messenger-consume-parse_00' with pid 52
2023-04-11 12:08:45,965 INFO success: messenger-consume-parse_00 entered RUNNING state, process has stayed up for > than 0 seconds (startsecs)
2023-04-11 12:08:45,979 INFO exited: messenger-consume-parse_01 (exit status 1; not expected)
2023-04-11 12:08:46,028 INFO spawned: 'messenger-consume-parse_01' with pid 55
2023-04-11 12:08:46,030 INFO success: messenger-consume-parse_01 entered RUNNING state, process has stayed up for > than 0 seconds (startsecs)
2023-04-11 12:08:46,040 INFO exited: messenger-consume-parse_00 (exit status 1; not expected)
2023-04-11 12:08:46,092 INFO spawned: 'messenger-consume-parse_00' with pid 58
2023-04-11 12:08:46,094 INFO success: messenger-consume-parse_00 entered RUNNING state, process has stayed up for > than 0 seconds (startsecs)
2023-04-11 12:08:46,103 INFO exited: messenger-consume-parse_01 (exit status 1; not expected)
2023-04-11 12:08:46,166 INFO spawned: 'messenger-consume-parse_01' with pid 61
2023-04-11 12:08:46,169 INFO success: messenger-consume-parse_01 entered RUNNING state, process has stayed up for > than 0 seconds (startsecs)
2023-04-11 12:08:46,185 INFO exited: messenger-consume-parse_00 (exit status 1; not expected)
2023-04-11 12:08:46,233 INFO spawned: 'messenger-consume-parse_00' with pid 64
2023-04-11 12:08:46,235 INFO success: messenger-consume-parse_00 entered RUNNING state, process has stayed up for > than 0 seconds (startsecs)
2023-04-11 12:08:46,244 INFO exited: messenger-consume-parse_01 (exit status 1; not expected)
2023-04-11 12:08:46,296 INFO spawned: 'messenger-consume-parse_01' with pid 67
2023-04-11 12:08:46,298 INFO success: messenger-consume-parse_01 entered RUNNING state, process has stayed up for > than 0 seconds (startsecs)
2023-04-11 12:08:46,308 INFO exited: messenger-consume-parse_00 (exit status 1; not expected)
2023-04-11 12:08:46,361 INFO spawned: 'messenger-consume-parse_00' with pid 70
2023-04-11 12:08:46,364 INFO success: messenger-consume-parse_00 entered RUNNING state, process has stayed up for > than 0 seconds (startsecs)
2023-04-11 12:08:46,373 INFO exited: messenger-consume-parse_01 (exit status 1; not expected)
2023-04-11 12:08:46,428 INFO spawned: 'messenger-consume-parse_01' with pid 73
2023-04-11 12:08:46,432 INFO success: messenger-consume-parse_01 entered RUNNING state, process has stayed up for > than 0 seconds (startsecs)
2023-04-11 12:08:46,445 INFO exited: messenger-consume-parse_00 (exit status 1; not expected)
2023-04-11 12:08:46,494 INFO spawned: 'messenger-consume-parse_00' with pid 76
2023-04-11 12:08:46,496 INFO success: messenger-consume-parse_00 entered RUNNING state, process has stayed up for > than 0 seconds (startsecs)
2023-04-11 12:08:46,506 INFO exited: messenger-consume-parse_01 (exit status 1; not expected)
2023-04-11 12:08:46,551 INFO spawned: 'messenger-consume-parse_01' with pid 79
2023-04-11 12:08:46,553 INFO success: messenger-consume-parse_01 entered RUNNING state, process has stayed up for > than 0 seconds (startsecs)
2023-04-11 12:08:46,566 INFO exited: messenger-consume-parse_00 (exit status 1; not expected)
2023-04-11 12:08:46,619 INFO spawned: 'messenger-consume-parse_00' with pid 82
2023-04-11 12:08:46,622 INFO success: messenger-consume-parse_00 entered RUNNING state, process has stayed up for > than 0 seconds (startsecs)
2023-04-11 12:08:46,630 INFO exited: messenger-consume-parse_01 (exit status 1; not expected)
2023-04-11 12:08:46,687 INFO spawned: 'messenger-consume-parse_01' with pid 85
2023-04-11 12:08:46,690 INFO success: messenger-consume-parse_01 entered RUNNING state, process has stayed up for > than 0 seconds (startsecs)
2023-04-11 12:08:46,704 INFO exited: messenger-consume-parse_00 (exit status 1; not expected)
2023-04-11 12:08:46,751 INFO spawned: 'messenger-consume-parse_00' with pid 88
2023-04-11 12:08:46,754 INFO success: messenger-consume-parse_00 entered RUNNING state, process has stayed up for > than 0 seconds (startsecs)
2023-04-11 12:08:46,764 INFO exited: messenger-consume-parse_01 (exit status 1; not expected)
2023-04-11 12:08:46,820 INFO spawned: 'messenger-consume-parse_01' with pid 91
2023-04-11 12:08:46,823 INFO success: messenger-consume-parse_01 entered RUNNING state, process has stayed up for > than 0 seconds (startsecs)
2023-04-11 12:08:46,837 INFO exited: messenger-consume-parse_00 (exit status 1; not expected)
2023-04-11 12:08:46,880 INFO spawned: 'messenger-consume-parse_00' with pid 94
2023-04-11 12:08:46,882 INFO success: messenger-consume-parse_00 entered RUNNING state, process has stayed up for > than 0 seconds (startsecs)
2023-04-11 12:08:46,891 INFO exited: messenger-consume-parse_01 (exit status 1; not expected)
2023-04-11 12:08:46,951 INFO spawned: 'messenger-consume-parse_01' with pid 97
2023-04-11 12:08:46,960 INFO success: messenger-consume-parse_01 entered RUNNING state, process has stayed up for > than 0 seconds (startsecs)
2023-04-11 12:08:46,973 INFO exited: messenger-consume-parse_00 (exit status 1; not expected)
2023-04-11 12:08:47,014 INFO spawned: 'messenger-consume-parse_00' with pid 100
2023-04-11 12:08:47,017 INFO success: messenger-consume-parse_00 entered RUNNING state, process has stayed up for > than 0 seconds (startsecs)
2023-04-11 12:08:47,031 INFO exited: messenger-consume-parse_01 (exit status 1; not expected)
2023-04-11 12:08:47,078 INFO spawned: 'messenger-consume-parse_01' with pid 103
2023-04-11 12:08:47,081 INFO success: messenger-consume-parse_01 entered RUNNING state, process has stayed up for > than 0 seconds (startsecs)
2023-04-11 12:08:47,090 INFO exited: messenger-consume-parse_00 (exit status 1; not expected)
2023-04-11 12:08:47,150 INFO spawned: 'messenger-consume-parse_00' with pid 106
2023-04-11 12:08:47,154 INFO success: messenger-consume-parse_00 entered RUNNING state, process has stayed up for > than 0 seconds (startsecs)
2023-04-11 12:08:47,167 INFO exited: messenger-consume-parse_01 (exit status 1; not expected)
2023-04-11 12:08:47,222 INFO spawned: 'messenger-consume-parse_01' with pid 109
2023-04-11 12:08:47,224 INFO success: messenger-consume-parse_01 entered RUNNING state, process has stayed up for > than 0 seconds (startsecs)
2023-04-11 12:08:47,234 INFO exited: messenger-consume-parse_00 (exit status 1; not expected)
2023-04-11 12:08:47,300 INFO spawned: 'messenger-consume-parse_00' with pid 112
2023-04-11 12:08:47,302 INFO success: messenger-consume-parse_00 entered RUNNING state, process has stayed up for > than 0 seconds (startsecs)
2023-04-11 12:08:47,316 INFO exited: messenger-consume-parse_01 (exit status 1; not expected)
2023-04-11 12:08:47,363 INFO spawned: 'messenger-consume-parse_01' with pid 115
2023-04-11 12:08:47,365 INFO success: messenger-consume-parse_01 entered RUNNING state, process has stayed up for > than 0 seconds (startsecs)
2023-04-11 12:08:47,379 INFO exited: messenger-consume-parse_00 (exit status 1; not expected)
2023-04-11 12:08:47,441 INFO spawned: 'messenger-consume-parse_00' with pid 118
2023-04-11 12:08:47,444 INFO success: messenger-consume-parse_00 entered RUNNING state, process has stayed up for > than 0 seconds (startsecs)
2023-04-11 12:08:53,523 WARN received SIGQUIT indicating exit request
2023-04-11 12:08:53,523 INFO waiting for messenger-consume-parse_00, messenger-consume-parse_01 to die
2023-04-11 12:08:53,527 INFO stopped: messenger-consume-parse_00 (terminated by SIGTERM)
2023-04-11 12:08:53,528 INFO stopped: messenger-consume-parse_01 (terminated by SIGTERM)
2023-04-11 12:31:51,400 INFO supervisord started with pid 1
2023-04-11 12:31:52,403 INFO spawned: 'messenger-consume-parse_00' with pid 7
2023-04-11 12:31:52,405 INFO spawned: 'messenger-consume-parse_01' with pid 8
2023-04-11 12:31:52,508 INFO success: messenger-consume-parse_00 entered RUNNING state, process has stayed up for > than 0 seconds (startsecs)
2023-04-11 12:31:52,509 INFO success: messenger-consume-parse_01 entered RUNNING state, process has stayed up for > than 0 seconds (startsecs)
2023-04-11 12:31:52,528 INFO exited: messenger-consume-parse_01 (exit status 1; not expected)
2023-04-11 12:31:52,534 INFO spawned: 'messenger-consume-parse_01' with pid 13
2023-04-11 12:31:52,534 INFO exited: messenger-consume-parse_00 (exit status 1; not expected)
2023-04-11 12:31:52,609 INFO spawned: 'messenger-consume-parse_00' with pid 16
2023-04-11 12:31:52,609 INFO success: messenger-consume-parse_01 entered RUNNING state, process has stayed up for > than 0 seconds (startsecs)
2023-04-11 12:31:52,611 INFO success: messenger-consume-parse_00 entered RUNNING state, process has stayed up for > than 0 seconds (startsecs)
2023-04-11 12:31:52,625 INFO exited: messenger-consume-parse_01 (exit status 1; not expected)
2023-04-11 12:31:52,669 INFO spawned: 'messenger-consume-parse_01' with pid 19
2023-04-11 12:31:52,671 INFO success: messenger-consume-parse_01 entered RUNNING state, process has stayed up for > than 0 seconds (startsecs)
2023-04-11 12:31:52,680 INFO exited: messenger-consume-parse_00 (exit status 1; not expected)
2023-04-11 12:31:52,734 INFO spawned: 'messenger-consume-parse_00' with pid 22
2023-04-11 12:31:52,737 INFO success: messenger-consume-parse_00 entered RUNNING state, process has stayed up for > than 0 seconds (startsecs)
2023-04-11 12:31:52,750 INFO exited: messenger-consume-parse_01 (exit status 1; not expected)
2023-04-11 12:31:52,810 INFO spawned: 'messenger-consume-parse_01' with pid 25
2023-04-11 12:31:52,813 INFO success: messenger-consume-parse_01 entered RUNNING state, process has stayed up for > than 0 seconds (startsecs)
2023-04-11 12:31:52,822 INFO exited: messenger-consume-parse_00 (exit status 1; not expected)
2023-04-11 12:31:52,870 INFO spawned: 'messenger-consume-parse_00' with pid 28
2023-04-11 12:31:52,872 INFO success: messenger-consume-parse_00 entered RUNNING state, process has stayed up for > than 0 seconds (startsecs)
2023-04-11 12:31:52,890 INFO exited: messenger-consume-parse_01 (exit status 1; not expected)
2023-04-11 12:31:52,935 INFO spawned: 'messenger-consume-parse_01' with pid 31
2023-04-11 12:31:52,939 INFO success: messenger-consume-parse_01 entered RUNNING state, process has stayed up for > than 0 seconds (startsecs)
2023-04-11 12:31:52,952 INFO exited: messenger-consume-parse_00 (exit status 1; not expected)
2023-04-11 12:31:53,000 INFO spawned: 'messenger-consume-parse_00' with pid 34
2023-04-11 12:31:53,002 INFO success: messenger-consume-parse_00 entered RUNNING state, process has stayed up for > than 0 seconds (startsecs)
2023-04-11 12:31:53,012 INFO exited: messenger-consume-parse_01 (exit status 1; not expected)
2023-04-11 12:31:53,057 INFO spawned: 'messenger-consume-parse_01' with pid 37
2023-04-11 12:31:53,060 INFO success: messenger-consume-parse_01 entered RUNNING state, process has stayed up for > than 0 seconds (startsecs)
2023-04-11 12:31:53,069 INFO exited: messenger-consume-parse_00 (exit status 1; not expected)
2023-04-11 12:31:53,130 INFO spawned: 'messenger-consume-parse_00' with pid 40
2023-04-11 12:31:53,133 INFO success: messenger-consume-parse_00 entered RUNNING state, process has stayed up for > than 0 seconds (startsecs)
2023-04-11 12:31:53,146 INFO exited: messenger-consume-parse_01 (exit status 1; not expected)
2023-04-11 12:31:53,195 INFO spawned: 'messenger-consume-parse_01' with pid 43
2023-04-11 12:31:53,198 INFO success: messenger-consume-parse_01 entered RUNNING state, process has stayed up for > than 0 seconds (startsecs)
2023-04-11 12:31:53,211 INFO exited: messenger-consume-parse_00 (exit status 1; not expected)
2023-04-11 12:31:53,261 INFO spawned: 'messenger-consume-parse_00' with pid 46
2023-04-11 12:31:53,265 INFO success: messenger-consume-parse_00 entered RUNNING state, process has stayed up for > than 0 seconds (startsecs)
2023-04-11 12:31:53,278 INFO exited: messenger-consume-parse_01 (exit status 1; not expected)
2023-04-11 12:31:53,328 INFO spawned: 'messenger-consume-parse_01' with pid 49
2023-04-11 12:31:53,331 INFO success: messenger-consume-parse_01 entered RUNNING state, process has stayed up for > than 0 seconds (startsecs)
2023-04-11 12:31:53,343 INFO exited: messenger-consume-parse_00 (exit status 1; not expected)
2023-04-11 12:31:53,392 INFO spawned: 'messenger-consume-parse_00' with pid 52
2023-04-11 12:31:53,394 INFO success: messenger-consume-parse_00 entered RUNNING state, process has stayed up for > than 0 seconds (startsecs)
2023-04-11 12:31:53,403 INFO exited: messenger-consume-parse_01 (exit status 1; not expected)
2023-04-11 12:31:53,457 INFO spawned: 'messenger-consume-parse_01' with pid 55
2023-04-11 12:31:53,459 INFO success: messenger-consume-parse_01 entered RUNNING state, process has stayed up for > than 0 seconds (startsecs)
2023-04-11 12:31:53,476 INFO exited: messenger-consume-parse_00 (exit status 1; not expected)
2023-04-11 12:31:53,519 INFO spawned: 'messenger-consume-parse_00' with pid 58
2023-04-11 12:31:53,521 INFO success: messenger-consume-parse_00 entered RUNNING state, process has stayed up for > than 0 seconds (startsecs)
2023-04-11 12:31:53,530 INFO exited: messenger-consume-parse_01 (exit status 1; not expected)
2023-04-11 12:31:53,587 INFO spawned: 'messenger-consume-parse_01' with pid 61
2023-04-11 12:31:53,589 INFO success: messenger-consume-parse_01 entered RUNNING state, process has stayed up for > than 0 seconds (startsecs)
2023-04-11 12:31:53,603 INFO exited: messenger-consume-parse_00 (exit status 1; not expected)
2023-04-11 12:31:53,645 INFO spawned: 'messenger-consume-parse_00' with pid 64
2023-04-11 12:31:53,648 INFO success: messenger-consume-parse_00 entered RUNNING state, process has stayed up for > than 0 seconds (startsecs)
2023-04-11 12:31:53,657 INFO exited: messenger-consume-parse_01 (exit status 1; not expected)
2023-04-11 12:31:53,712 INFO spawned: 'messenger-consume-parse_01' with pid 67
2023-04-11 12:31:53,715 INFO success: messenger-consume-parse_01 entered RUNNING state, process has stayed up for > than 0 seconds (startsecs)
2023-04-11 12:31:53,725 INFO exited: messenger-consume-parse_00 (exit status 1; not expected)
2023-04-11 12:31:53,775 INFO spawned: 'messenger-consume-parse_00' with pid 70
2023-04-11 12:31:53,780 INFO success: messenger-consume-parse_00 entered RUNNING state, process has stayed up for > than 0 seconds (startsecs)
2023-04-11 12:31:53,790 INFO exited: messenger-consume-parse_01 (exit status 1; not expected)
2023-04-11 12:31:53,836 INFO spawned: 'messenger-consume-parse_01' with pid 73
2023-04-11 12:31:53,839 INFO success: messenger-consume-parse_01 entered RUNNING state, process has stayed up for > than 0 seconds (startsecs)
2023-04-11 12:31:53,848 INFO exited: messenger-consume-parse_00 (exit status 1; not expected)
2023-04-11 12:31:53,902 INFO spawned: 'messenger-consume-parse_00' with pid 76
2023-04-11 12:31:53,905 INFO success: messenger-consume-parse_00 entered RUNNING state, process has stayed up for > than 0 seconds (startsecs)
2023-04-11 12:31:53,923 INFO exited: messenger-consume-parse_01 (exit status 1; not expected)
2023-04-11 12:31:53,983 INFO spawned: 'messenger-consume-parse_01' with pid 79
2023-04-11 12:31:53,986 INFO success: messenger-consume-parse_01 entered RUNNING state, process has stayed up for > than 0 seconds (startsecs)
2023-04-11 12:31:53,999 INFO exited: messenger-consume-parse_00 (exit status 1; not expected)
2023-04-11 12:31:54,044 INFO spawned: 'messenger-consume-parse_00' with pid 82
2023-04-11 12:31:54,047 INFO success: messenger-consume-parse_00 entered RUNNING state, process has stayed up for > than 0 seconds (startsecs)
2023-04-11 12:31:54,058 INFO exited: messenger-consume-parse_01 (exit status 1; not expected)
2023-04-11 12:31:54,102 INFO spawned: 'messenger-consume-parse_01' with pid 85
2023-04-11 12:31:54,104 INFO success: messenger-consume-parse_01 entered RUNNING state, process has stayed up for > than 0 seconds (startsecs)
2023-04-11 12:31:54,118 INFO exited: messenger-consume-parse_00 (exit status 1; not expected)
2023-04-11 12:31:54,164 INFO spawned: 'messenger-consume-parse_00' with pid 88
2023-04-11 12:31:54,167 INFO success: messenger-consume-parse_00 entered RUNNING state, process has stayed up for > than 0 seconds (startsecs)
2023-04-11 12:31:54,181 INFO exited: messenger-consume-parse_01 (exit status 1; not expected)
2023-04-11 12:31:54,226 INFO spawned: 'messenger-consume-parse_01' with pid 91
2023-04-11 12:31:54,228 INFO success: messenger-consume-parse_01 entered RUNNING state, process has stayed up for > than 0 seconds (startsecs)
2023-04-11 12:31:54,237 INFO exited: messenger-consume-parse_00 (exit status 1; not expected)
2023-04-11 12:31:54,293 INFO spawned: 'messenger-consume-parse_00' with pid 94
2023-04-11 12:31:54,296 INFO success: messenger-consume-parse_00 entered RUNNING state, process has stayed up for > than 0 seconds (startsecs)
2023-04-11 12:31:54,311 INFO exited: messenger-consume-parse_01 (exit status 1; not expected)
2023-04-11 12:31:54,354 INFO spawned: 'messenger-consume-parse_01' with pid 97
2023-04-11 12:31:54,357 INFO success: messenger-consume-parse_01 entered RUNNING state, process has stayed up for > than 0 seconds (startsecs)
2023-04-11 12:31:54,366 INFO exited: messenger-consume-parse_00 (exit status 1; not expected)
2023-04-11 12:31:54,425 INFO spawned: 'messenger-consume-parse_00' with pid 100
2023-04-11 12:31:54,428 INFO success: messenger-consume-parse_00 entered RUNNING state, process has stayed up for > than 0 seconds (startsecs)
2023-04-11 12:31:54,442 INFO exited: messenger-consume-parse_01 (exit status 1; not expected)
2023-04-11 12:31:54,514 INFO spawned: 'messenger-consume-parse_01' with pid 103
2023-04-11 12:31:54,517 INFO success: messenger-consume-parse_01 entered RUNNING state, process has stayed up for > than 0 seconds (startsecs)
2023-04-11 12:31:54,531 INFO exited: messenger-consume-parse_00 (exit status 1; not expected)
2023-04-11 12:31:54,579 INFO spawned: 'messenger-consume-parse_00' with pid 106
2023-04-11 12:31:54,581 INFO success: messenger-consume-parse_00 entered RUNNING state, process has stayed up for > than 0 seconds (startsecs)
2023-04-11 12:35:07,895 WARN received SIGQUIT indicating exit request
2023-04-11 12:35:07,895 INFO waiting for messenger-consume-parse_00, messenger-consume-parse_01 to die
2023-04-11 12:35:07,900 INFO stopped: messenger-consume-parse_00 (terminated by SIGTERM)
2023-04-11 12:35:07,900 INFO stopped: messenger-consume-parse_01 (terminated by SIGTERM)
2023-04-11 12:35:28,094 INFO supervisord started with pid 1
2023-04-11 12:35:29,104 INFO spawned: 'messenger-consume-parse_00' with pid 7
2023-04-11 12:35:29,106 INFO spawned: 'messenger-consume-parse_01' with pid 8
2023-04-11 12:35:29,109 INFO spawnerr: unknown error making dispatchers for 'php-fpm': EACCES
2023-04-11 12:35:29,190 INFO success: messenger-consume-parse_00 entered RUNNING state, process has stayed up for > than 0 seconds (startsecs)
2023-04-11 12:35:29,190 INFO success: messenger-consume-parse_01 entered RUNNING state, process has stayed up for > than 0 seconds (startsecs)
2023-04-11 12:35:29,204 INFO exited: messenger-consume-parse_00 (exit status 1; not expected)
2023-04-11 12:35:29,205 INFO spawned: 'messenger-consume-parse_00' with pid 13
2023-04-11 12:35:29,205 INFO success: messenger-consume-parse_00 entered RUNNING state, process has stayed up for > than 0 seconds (startsecs)
2023-04-11 12:35:29,211 INFO exited: messenger-consume-parse_01 (exit status 1; not expected)
2023-04-11 12:35:29,267 INFO spawned: 'messenger-consume-parse_01' with pid 16
2023-04-11 12:35:29,269 INFO success: messenger-consume-parse_01 entered RUNNING state, process has stayed up for > than 0 seconds (startsecs)
2023-04-11 12:35:29,282 INFO exited: messenger-consume-parse_00 (exit status 1; not expected)
2023-04-11 12:35:29,328 INFO spawned: 'messenger-consume-parse_00' with pid 19
2023-04-11 12:35:29,331 INFO success: messenger-consume-parse_00 entered RUNNING state, process has stayed up for > than 0 seconds (startsecs)
2023-04-11 12:35:29,344 INFO exited: messenger-consume-parse_01 (exit status 1; not expected)
2023-04-11 12:35:29,391 INFO spawned: 'messenger-consume-parse_01' with pid 22
2023-04-11 12:35:29,393 INFO success: messenger-consume-parse_01 entered RUNNING state, process has stayed up for > than 0 seconds (startsecs)
2023-04-11 12:35:29,405 INFO exited: messenger-consume-parse_00 (exit status 1; not expected)
2023-04-11 12:35:29,457 INFO spawned: 'messenger-consume-parse_00' with pid 25
2023-04-11 12:35:29,460 INFO success: messenger-consume-parse_00 entered RUNNING state, process has stayed up for > than 0 seconds (startsecs)
2023-04-11 12:35:29,476 INFO exited: messenger-consume-parse_01 (exit status 1; not expected)
2023-04-11 12:35:29,529 INFO spawned: 'messenger-consume-parse_01' with pid 28
2023-04-11 12:35:29,532 INFO success: messenger-consume-parse_01 entered RUNNING state, process has stayed up for > than 0 seconds (startsecs)
2023-04-11 12:35:29,547 INFO exited: messenger-consume-parse_00 (exit status 1; not expected)
2023-04-11 12:35:29,599 INFO spawned: 'messenger-consume-parse_00' with pid 31
2023-04-11 12:35:29,602 INFO success: messenger-consume-parse_00 entered RUNNING state, process has stayed up for > than 0 seconds (startsecs)
2023-04-11 12:35:29,613 INFO exited: messenger-consume-parse_01 (exit status 1; not expected)
2023-04-11 12:35:29,658 INFO spawned: 'messenger-consume-parse_01' with pid 34
2023-04-11 12:35:29,661 INFO success: messenger-consume-parse_01 entered RUNNING state, process has stayed up for > than 0 seconds (startsecs)
2023-04-11 12:35:29,671 INFO exited: messenger-consume-parse_00 (exit status 1; not expected)
2023-04-11 12:35:29,732 INFO spawned: 'messenger-consume-parse_00' with pid 37
2023-04-11 12:35:29,735 INFO success: messenger-consume-parse_00 entered RUNNING state, process has stayed up for > than 0 seconds (startsecs)
2023-04-11 12:35:29,745 INFO exited: messenger-consume-parse_01 (exit status 1; not expected)
2023-04-11 12:35:29,806 INFO spawned: 'messenger-consume-parse_01' with pid 40
2023-04-11 12:35:29,808 INFO success: messenger-consume-parse_01 entered RUNNING state, process has stayed up for > than 0 seconds (startsecs)
2023-04-11 12:35:29,822 INFO exited: messenger-consume-parse_00 (exit status 1; not expected)
2023-04-11 12:35:29,867 INFO spawned: 'messenger-consume-parse_00' with pid 43
2023-04-11 12:35:29,870 INFO success: messenger-consume-parse_00 entered RUNNING state, process has stayed up for > than 0 seconds (startsecs)
2023-04-11 12:35:29,881 INFO exited: messenger-consume-parse_01 (exit status 1; not expected)
2023-04-11 12:35:29,930 INFO spawned: 'messenger-consume-parse_01' with pid 46
2023-04-11 12:35:29,932 INFO success: messenger-consume-parse_01 entered RUNNING state, process has stayed up for > than 0 seconds (startsecs)
2023-04-11 12:35:29,943 INFO exited: messenger-consume-parse_00 (exit status 1; not expected)
2023-04-11 12:35:29,992 INFO spawned: 'messenger-consume-parse_00' with pid 49
2023-04-11 12:35:29,994 INFO success: messenger-consume-parse_00 entered RUNNING state, process has stayed up for > than 0 seconds (startsecs)
2023-04-11 12:35:30,009 INFO exited: messenger-consume-parse_01 (exit status 1; not expected)
2023-04-11 12:35:30,065 INFO spawned: 'messenger-consume-parse_01' with pid 52
2023-04-11 12:35:30,067 INFO success: messenger-consume-parse_01 entered RUNNING state, process has stayed up for > than 0 seconds (startsecs)
2023-04-11 12:35:30,081 INFO exited: messenger-consume-parse_00 (exit status 1; not expected)
2023-04-11 12:35:30,124 INFO spawned: 'messenger-consume-parse_00' with pid 55
2023-04-11 12:35:30,124 INFO spawnerr: unknown error making dispatchers for 'php-fpm': EACCES
2023-04-11 12:35:30,126 INFO success: messenger-consume-parse_00 entered RUNNING state, process has stayed up for > than 0 seconds (startsecs)
2023-04-11 12:35:30,136 INFO exited: messenger-consume-parse_01 (exit status 1; not expected)
2023-04-11 12:35:30,184 INFO spawned: 'messenger-consume-parse_01' with pid 58
2023-04-11 12:35:30,187 INFO success: messenger-consume-parse_01 entered RUNNING state, process has stayed up for > than 0 seconds (startsecs)
2023-04-11 12:35:30,201 INFO exited: messenger-consume-parse_00 (exit status 1; not expected)
2023-04-11 12:35:30,245 INFO spawned: 'messenger-consume-parse_00' with pid 61
2023-04-11 12:35:30,247 INFO success: messenger-consume-parse_00 entered RUNNING state, process has stayed up for > than 0 seconds (startsecs)
2023-04-11 12:35:30,257 INFO exited: messenger-consume-parse_01 (exit status 1; not expected)
2023-04-11 12:35:30,314 INFO spawned: 'messenger-consume-parse_01' with pid 64
2023-04-11 12:35:30,316 INFO success: messenger-consume-parse_01 entered RUNNING state, process has stayed up for > than 0 seconds (startsecs)
2023-04-11 12:35:30,328 INFO exited: messenger-consume-parse_00 (exit status 1; not expected)
2023-04-11 12:35:30,382 INFO spawned: 'messenger-consume-parse_00' with pid 67
2023-04-11 12:35:30,386 INFO success: messenger-consume-parse_00 entered RUNNING state, process has stayed up for > than 0 seconds (startsecs)
2023-04-11 12:35:30,397 INFO exited: messenger-consume-parse_01 (exit status 1; not expected)
2023-04-11 12:35:30,442 INFO spawned: 'messenger-consume-parse_01' with pid 70
2023-04-11 12:35:30,446 INFO success: messenger-consume-parse_01 entered RUNNING state, process has stayed up for > than 0 seconds (startsecs)
2023-04-11 12:35:30,459 INFO exited: messenger-consume-parse_00 (exit status 1; not expected)
2023-04-11 12:35:30,505 INFO spawned: 'messenger-consume-parse_00' with pid 73
2023-04-11 12:35:30,508 INFO success: messenger-consume-parse_00 entered RUNNING state, process has stayed up for > than 0 seconds (startsecs)
2023-04-11 12:35:30,519 INFO exited: messenger-consume-parse_01 (exit status 1; not expected)
2023-04-11 12:35:30,573 INFO spawned: 'messenger-consume-parse_01' with pid 76
2023-04-11 12:35:30,576 INFO success: messenger-consume-parse_01 entered RUNNING state, process has stayed up for > than 0 seconds (startsecs)
2023-04-11 12:35:30,585 INFO exited: messenger-consume-parse_00 (exit status 1; not expected)
2023-04-11 12:35:30,642 INFO spawned: 'messenger-consume-parse_00' with pid 79
2023-04-11 12:35:30,645 INFO success: messenger-consume-parse_00 entered RUNNING state, process has stayed up for > than 0 seconds (startsecs)
2023-04-11 12:35:30,659 INFO exited: messenger-consume-parse_01 (exit status 1; not expected)
2023-04-11 12:35:30,708 INFO spawned: 'messenger-consume-parse_01' with pid 82
2023-04-11 12:35:30,710 INFO success: messenger-consume-parse_01 entered RUNNING state, process has stayed up for > than 0 seconds (startsecs)
2023-04-11 12:35:30,723 INFO exited: messenger-consume-parse_00 (exit status 1; not expected)
2023-04-11 12:35:30,768 INFO spawned: 'messenger-consume-parse_00' with pid 85
2023-04-11 12:35:30,772 INFO success: messenger-consume-parse_00 entered RUNNING state, process has stayed up for > than 0 seconds (startsecs)
2023-04-11 12:35:30,780 INFO exited: messenger-consume-parse_01 (exit status 1; not expected)
2023-04-11 12:35:30,833 INFO spawned: 'messenger-consume-parse_01' with pid 88
2023-04-11 12:35:30,835 INFO success: messenger-consume-parse_01 entered RUNNING state, process has stayed up for > than 0 seconds (startsecs)
2023-04-11 12:35:30,851 INFO exited: messenger-consume-parse_00 (exit status 1; not expected)
2023-04-11 12:35:30,895 INFO spawned: 'messenger-consume-parse_00' with pid 91
2023-04-11 12:35:30,897 INFO success: messenger-consume-parse_00 entered RUNNING state, process has stayed up for > than 0 seconds (startsecs)
2023-04-11 12:35:30,908 INFO exited: messenger-consume-parse_01 (exit status 1; not expected)
2023-04-11 12:35:30,956 INFO spawned: 'messenger-consume-parse_01' with pid 94
2023-04-11 12:35:30,959 INFO success: messenger-consume-parse_01 entered RUNNING state, process has stayed up for > than 0 seconds (startsecs)
2023-04-11 12:35:30,968 INFO exited: messenger-consume-parse_00 (exit status 1; not expected)
2023-04-11 12:35:31,020 INFO spawned: 'messenger-consume-parse_00' with pid 97
2023-04-11 12:35:31,022 INFO success: messenger-consume-parse_00 entered RUNNING state, process has stayed up for > than 0 seconds (startsecs)
2023-04-11 12:35:31,032 INFO exited: messenger-consume-parse_01 (exit status 1; not expected)
2023-04-11 12:35:31,089 INFO spawned: 'messenger-consume-parse_01' with pid 100
2023-04-11 12:35:31,092 INFO success: messenger-consume-parse_01 entered RUNNING state, process has stayed up for > than 0 seconds (startsecs)
2023-04-11 12:35:31,108 INFO exited: messenger-consume-parse_00 (exit status 1; not expected)
2023-04-11 12:35:31,159 INFO spawned: 'messenger-consume-parse_00' with pid 103
2023-04-11 12:35:31,162 INFO success: messenger-consume-parse_00 entered RUNNING state, process has stayed up for > than 0 seconds (startsecs)
2023-04-11 12:35:31,172 INFO exited: messenger-consume-parse_01 (exit status 1; not expected)
2023-04-11 12:35:31,234 INFO spawned: 'messenger-consume-parse_01' with pid 106
2023-04-11 12:35:31,237 INFO success: messenger-consume-parse_01 entered RUNNING state, process has stayed up for > than 0 seconds (startsecs)
2023-04-11 12:35:31,247 INFO exited: messenger-consume-parse_00 (exit status 1; not expected)
2023-04-11 12:35:31,299 INFO spawned: 'messenger-consume-parse_00' with pid 109
2023-04-11 12:35:31,301 INFO success: messenger-consume-parse_00 entered RUNNING state, process has stayed up for > than 0 seconds (startsecs)
2023-04-11 12:35:31,315 INFO exited: messenger-consume-parse_01 (exit status 1; not expected)
2023-04-11 12:35:31,371 INFO spawned: 'messenger-consume-parse_01' with pid 112
2023-04-11 12:35:31,373 INFO success: messenger-consume-parse_01 entered RUNNING state, process has stayed up for > than 0 seconds (startsecs)
2023-04-11 12:35:31,384 INFO exited: messenger-consume-parse_00 (exit status 1; not expected)
2023-04-11 12:35:31,434 INFO spawned: 'messenger-consume-parse_00' with pid 115
2023-04-11 12:35:31,437 INFO success: messenger-consume-parse_00 entered RUNNING state, process has stayed up for > than 0 seconds (startsecs)
2023-04-11 12:35:31,447 INFO exited: messenger-consume-parse_01 (exit status 1; not expected)
2023-04-11 12:35:31,501 INFO spawned: 'messenger-consume-parse_01' with pid 118
2023-04-11 12:35:31,503 INFO success: messenger-consume-parse_01 entered RUNNING state, process has stayed up for > than 0 seconds (startsecs)
2023-04-11 12:35:31,515 INFO exited: messenger-consume-parse_00 (exit status 1; not expected)
2023-04-11 12:35:31,564 INFO spawned: 'messenger-consume-parse_00' with pid 121
2023-04-11 12:35:31,566 INFO success: messenger-consume-parse_00 entered RUNNING state, process has stayed up for > than 0 seconds (startsecs)
2023-04-11 12:35:32,634 INFO spawnerr: unknown error making dispatchers for 'php-fpm': EACCES
2023-04-11 12:35:35,638 INFO spawnerr: unknown error making dispatchers for 'php-fpm': EACCES
2023-04-11 12:35:35,638 INFO gave up: php-fpm entered FATAL state, too many start retries too quickly
2023-04-11 12:36:29,704 WARN received SIGQUIT indicating exit request
2023-04-11 12:36:29,704 INFO waiting for messenger-consume-parse_00, messenger-consume-parse_01 to die
2023-04-11 12:36:30,711 INFO stopped: messenger-consume-parse_01 (terminated by SIGTERM)
2023-04-11 12:36:30,711 INFO stopped: messenger-consume-parse_00 (terminated by SIGTERM)
2023-04-11 12:36:51,427 INFO supervisord started with pid 1
2023-04-11 12:36:52,434 INFO spawnerr: unknown error making dispatchers for 'php-fpm': EACCES
2023-04-11 12:36:53,436 INFO spawnerr: unknown error making dispatchers for 'php-fpm': EACCES
2023-04-11 12:36:55,439 INFO spawnerr: unknown error making dispatchers for 'php-fpm': EACCES
2023-04-11 12:36:58,443 INFO spawnerr: unknown error making dispatchers for 'php-fpm': EACCES
2023-04-11 12:36:58,443 INFO gave up: php-fpm entered FATAL state, too many start retries too quickly
2023-04-11 12:38:15,536 WARN received SIGQUIT indicating exit request
2023-04-11 12:38:36,997 INFO supervisord started with pid 1
2023-04-11 12:38:38,002 INFO spawned: 'php-fpm' with pid 7
2023-04-11 12:38:38,007 INFO exited: php-fpm (exit status 127; not expected)
2023-04-11 12:38:39,009 INFO spawned: 'php-fpm' with pid 8
2023-04-11 12:38:39,013 INFO exited: php-fpm (exit status 127; not expected)
2023-04-11 12:38:41,018 INFO spawned: 'php-fpm' with pid 9
2023-04-11 12:38:41,023 INFO exited: php-fpm (exit status 127; not expected)
2023-04-11 12:38:44,028 INFO spawned: 'php-fpm' with pid 10
2023-04-11 12:38:44,034 INFO exited: php-fpm (exit status 127; not expected)
2023-04-11 12:38:45,035 INFO gave up: php-fpm entered FATAL state, too many start retries too quickly
2023-04-11 12:39:06,062 WARN received SIGQUIT indicating exit request
2023-04-11 12:39:30,593 INFO supervisord started with pid 1
2023-04-11 12:39:31,601 INFO spawned: 'messenger-consume-parse_00' with pid 7
2023-04-11 12:39:31,603 INFO spawned: 'messenger-consume-parse_01' with pid 8
2023-04-11 12:39:31,606 INFO spawned: 'php-fpm' with pid 9
2023-04-11 12:39:31,609 INFO success: messenger-consume-parse_00 entered RUNNING state, process has stayed up for > than 0 seconds (startsecs)
2023-04-11 12:39:31,610 INFO success: messenger-consume-parse_01 entered RUNNING state, process has stayed up for > than 0 seconds (startsecs)
2023-04-11 12:39:31,611 INFO exited: php-fpm (exit status 127; not expected)
2023-04-11 12:39:31,725 INFO exited: messenger-consume-parse_00 (exit status 1; not expected)
2023-04-11 12:39:31,725 INFO exited: messenger-consume-parse_01 (exit status 1; not expected)
2023-04-11 12:39:31,727 INFO spawned: 'messenger-consume-parse_00' with pid 14
2023-04-11 12:39:31,729 INFO spawned: 'messenger-consume-parse_01' with pid 15
2023-04-11 12:39:31,787 INFO success: messenger-consume-parse_00 entered RUNNING state, process has stayed up for > than 0 seconds (startsecs)
2023-04-11 12:39:31,787 INFO success: messenger-consume-parse_01 entered RUNNING state, process has stayed up for > than 0 seconds (startsecs)
2023-04-11 12:39:31,805 INFO exited: messenger-consume-parse_00 (exit status 1; not expected)
2023-04-11 12:39:31,807 INFO spawned: 'messenger-consume-parse_00' with pid 20
2023-04-11 12:39:31,808 INFO exited: messenger-consume-parse_01 (exit status 1; not expected)
2023-04-11 12:39:31,863 INFO success: messenger-consume-parse_00 entered RUNNING state, process has stayed up for > than 0 seconds (startsecs)
2023-04-11 12:39:31,864 INFO spawned: 'messenger-consume-parse_01' with pid 23
2023-04-11 12:39:31,867 INFO success: messenger-consume-parse_01 entered RUNNING state, process has stayed up for > than 0 seconds (startsecs)
2023-04-11 12:39:31,881 INFO exited: messenger-consume-parse_00 (exit status 1; not expected)
2023-04-11 12:39:31,929 INFO spawned: 'messenger-consume-parse_00' with pid 26
2023-04-11 12:39:31,931 INFO success: messenger-consume-parse_00 entered RUNNING state, process has stayed up for > than 0 seconds (startsecs)
2023-04-11 12:39:31,940 INFO exited: messenger-consume-parse_01 (exit status 1; not expected)
2023-04-11 12:39:31,990 INFO spawned: 'messenger-consume-parse_01' with pid 29
2023-04-11 12:39:31,992 INFO success: messenger-consume-parse_01 entered RUNNING state, process has stayed up for > than 0 seconds (startsecs)
2023-04-11 12:39:32,005 INFO exited: messenger-consume-parse_00 (exit status 1; not expected)
2023-04-11 12:39:32,049 INFO spawned: 'messenger-consume-parse_00' with pid 32
2023-04-11 12:39:32,051 INFO success: messenger-consume-parse_00 entered RUNNING state, process has stayed up for > than 0 seconds (startsecs)
2023-04-11 12:39:32,065 INFO exited: messenger-consume-parse_01 (exit status 1; not expected)
2023-04-11 12:39:32,112 INFO spawned: 'messenger-consume-parse_01' with pid 35
2023-04-11 12:39:32,115 INFO success: messenger-consume-parse_01 entered RUNNING state, process has stayed up for > than 0 seconds (startsecs)
2023-04-11 12:39:32,129 INFO exited: messenger-consume-parse_00 (exit status 1; not expected)
2023-04-11 12:39:32,190 INFO spawned: 'messenger-consume-parse_00' with pid 38
2023-04-11 12:39:32,192 INFO success: messenger-consume-parse_00 entered RUNNING state, process has stayed up for > than 0 seconds (startsecs)
2023-04-11 12:39:32,202 INFO exited: messenger-consume-parse_01 (exit status 1; not expected)
2023-04-11 12:39:32,264 INFO spawned: 'messenger-consume-parse_01' with pid 41
2023-04-11 12:39:32,268 INFO success: messenger-consume-parse_01 entered RUNNING state, process has stayed up for > than 0 seconds (startsecs)
2023-04-11 12:39:32,280 INFO exited: messenger-consume-parse_00 (exit status 1; not expected)
2023-04-11 12:39:32,334 INFO spawned: 'messenger-consume-parse_00' with pid 44
2023-04-11 12:39:32,336 INFO success: messenger-consume-parse_00 entered RUNNING state, process has stayed up for > than 0 seconds (startsecs)
2023-04-11 12:39:32,351 INFO exited: messenger-consume-parse_01 (exit status 1; not expected)
2023-04-11 12:39:32,408 INFO spawned: 'messenger-consume-parse_01' with pid 47
2023-04-11 12:39:32,411 INFO success: messenger-consume-parse_01 entered RUNNING state, process has stayed up for > than 0 seconds (startsecs)
2023-04-11 12:39:32,424 INFO exited: messenger-consume-parse_00 (exit status 1; not expected)
2023-04-11 12:39:32,466 INFO spawned: 'messenger-consume-parse_00' with pid 50
2023-04-11 12:39:32,469 INFO success: messenger-consume-parse_00 entered RUNNING state, process has stayed up for > than 0 seconds (startsecs)
2023-04-11 12:39:32,483 INFO exited: messenger-consume-parse_01 (exit status 1; not expected)
2023-04-11 12:39:32,526 INFO spawned: 'messenger-consume-parse_01' with pid 53
2023-04-11 12:39:32,528 INFO success: messenger-consume-parse_01 entered RUNNING state, process has stayed up for > than 0 seconds (startsecs)
2023-04-11 12:39:32,537 INFO exited: messenger-consume-parse_00 (exit status 1; not expected)
2023-04-11 12:39:32,593 INFO spawned: 'messenger-consume-parse_00' with pid 56
2023-04-11 12:39:32,595 INFO success: messenger-consume-parse_00 entered RUNNING state, process has stayed up for > than 0 seconds (startsecs)
2023-04-11 12:39:32,608 INFO exited: messenger-consume-parse_01 (exit status 1; not expected)
2023-04-11 12:39:32,656 INFO spawned: 'messenger-consume-parse_01' with pid 59
2023-04-11 12:39:32,658 INFO spawned: 'php-fpm' with pid 60
2023-04-11 12:39:32,659 INFO success: messenger-consume-parse_01 entered RUNNING state, process has stayed up for > than 0 seconds (startsecs)
2023-04-11 12:39:32,662 INFO exited: php-fpm (exit status 127; not expected)
2023-04-11 12:39:32,673 INFO exited: messenger-consume-parse_00 (exit status 1; not expected)
2023-04-11 12:39:32,720 INFO spawned: 'messenger-consume-parse_00' with pid 63
2023-04-11 12:39:32,723 INFO success: messenger-consume-parse_00 entered RUNNING state, process has stayed up for > than 0 seconds (startsecs)
2023-04-11 12:39:32,732 INFO exited: messenger-consume-parse_01 (exit status 1; not expected)
2023-04-11 12:39:32,784 INFO spawned: 'messenger-consume-parse_01' with pid 66
2023-04-11 12:39:32,786 INFO success: messenger-consume-parse_01 entered RUNNING state, process has stayed up for > than 0 seconds (startsecs)
2023-04-11 12:39:32,798 INFO exited: messenger-consume-parse_00 (exit status 1; not expected)
2023-04-11 12:39:32,846 INFO spawned: 'messenger-consume-parse_00' with pid 69
2023-04-11 12:39:32,848 INFO success: messenger-consume-parse_00 entered RUNNING state, process has stayed up for > than 0 seconds (startsecs)
2023-04-11 12:39:32,860 INFO exited: messenger-consume-parse_01 (exit status 1; not expected)
2023-04-11 12:39:32,917 INFO spawned: 'messenger-consume-parse_01' with pid 72
2023-04-11 12:39:32,920 INFO success: messenger-consume-parse_01 entered RUNNING state, process has stayed up for > than 0 seconds (startsecs)
2023-04-11 12:39:32,932 INFO exited: messenger-consume-parse_00 (exit status 1; not expected)
2023-04-11 12:39:32,996 INFO spawned: 'messenger-consume-parse_00' with pid 75
2023-04-11 12:39:33,000 INFO success: messenger-consume-parse_00 entered RUNNING state, process has stayed up for > than 0 seconds (startsecs)
2023-04-11 12:39:33,014 INFO exited: messenger-consume-parse_01 (exit status 1; not expected)
2023-04-11 12:39:33,059 INFO spawned: 'messenger-consume-parse_01' with pid 78
2023-04-11 12:39:33,062 INFO success: messenger-consume-parse_01 entered RUNNING state, process has stayed up for > than 0 seconds (startsecs)
2023-04-11 12:39:33,076 INFO exited: messenger-consume-parse_00 (exit status 1; not expected)
2023-04-11 12:39:33,132 INFO spawned: 'messenger-consume-parse_00' with pid 81
2023-04-11 12:39:33,135 INFO success: messenger-consume-parse_00 entered RUNNING state, process has stayed up for > than 0 seconds (startsecs)
2023-04-11 12:39:33,145 INFO exited: messenger-consume-parse_01 (exit status 1; not expected)
2023-04-11 12:39:33,201 INFO spawned: 'messenger-consume-parse_01' with pid 84
2023-04-11 12:39:33,204 INFO success: messenger-consume-parse_01 entered RUNNING state, process has stayed up for > than 0 seconds (startsecs)
2023-04-11 12:39:33,214 INFO exited: messenger-consume-parse_00 (exit status 1; not expected)
2023-04-11 12:39:33,259 INFO spawned: 'messenger-consume-parse_00' with pid 87
2023-04-11 12:39:33,262 INFO success: messenger-consume-parse_00 entered RUNNING state, process has stayed up for > than 0 seconds (startsecs)
2023-04-11 12:39:33,275 INFO exited: messenger-consume-parse_01 (exit status 1; not expected)
2023-04-11 12:39:33,322 INFO spawned: 'messenger-consume-parse_01' with pid 90
2023-04-11 12:39:33,324 INFO success: messenger-consume-parse_01 entered RUNNING state, process has stayed up for > than 0 seconds (startsecs)
2023-04-11 12:39:33,337 INFO exited: messenger-consume-parse_00 (exit status 1; not expected)
2023-04-11 12:39:33,386 INFO spawned: 'messenger-consume-parse_00' with pid 93
2023-04-11 12:39:33,389 INFO success: messenger-consume-parse_00 entered RUNNING state, process has stayed up for > than 0 seconds (startsecs)
2023-04-11 12:39:33,402 INFO exited: messenger-consume-parse_01 (exit status 1; not expected)
2023-04-11 12:39:33,449 INFO spawned: 'messenger-consume-parse_01' with pid 96
2023-04-11 12:39:33,452 INFO success: messenger-consume-parse_01 entered RUNNING state, process has stayed up for > than 0 seconds (startsecs)
2023-04-11 12:39:33,464 INFO exited: messenger-consume-parse_00 (exit status 1; not expected)
2023-04-11 12:39:33,518 INFO spawned: 'messenger-consume-parse_00' with pid 99
2023-04-11 12:39:33,521 INFO success: messenger-consume-parse_00 entered RUNNING state, process has stayed up for > than 0 seconds (startsecs)
2023-04-11 12:39:33,532 INFO exited: messenger-consume-parse_01 (exit status 1; not expected)
2023-04-11 12:39:33,579 INFO spawned: 'messenger-consume-parse_01' with pid 102
2023-04-11 12:39:33,581 INFO success: messenger-consume-parse_01 entered RUNNING state, process has stayed up for > than 0 seconds (startsecs)
2023-04-11 12:39:33,591 INFO exited: messenger-consume-parse_00 (exit status 1; not expected)
2023-04-11 12:39:33,651 INFO spawned: 'messenger-consume-parse_00' with pid 105
2023-04-11 12:39:33,653 INFO success: messenger-consume-parse_00 entered RUNNING state, process has stayed up for > than 0 seconds (startsecs)
2023-04-11 12:39:33,669 INFO exited: messenger-consume-parse_01 (exit status 1; not expected)
2023-04-11 12:39:33,724 INFO spawned: 'messenger-consume-parse_01' with pid 108
2023-04-11 12:39:33,728 INFO success: messenger-consume-parse_01 entered RUNNING state, process has stayed up for > than 0 seconds (startsecs)
2023-04-11 12:39:33,742 INFO exited: messenger-consume-parse_00 (exit status 1; not expected)
2023-04-11 12:39:33,791 INFO spawned: 'messenger-consume-parse_00' with pid 111
2023-04-11 12:39:33,793 INFO success: messenger-consume-parse_00 entered RUNNING state, process has stayed up for > than 0 seconds (startsecs)
2023-04-11 12:39:33,809 INFO exited: messenger-consume-parse_01 (exit status 1; not expected)
2023-04-11 12:39:33,865 INFO spawned: 'messenger-consume-parse_01' with pid 114
2023-04-11 12:39:33,868 INFO success: messenger-consume-parse_01 entered RUNNING state, process has stayed up for > than 0 seconds (startsecs)
2023-04-11 12:39:33,879 INFO exited: messenger-consume-parse_00 (exit status 1; not expected)
2023-04-11 12:39:33,935 INFO spawned: 'messenger-consume-parse_00' with pid 117
2023-04-11 12:39:33,942 INFO success: messenger-consume-parse_00 entered RUNNING state, process has stayed up for > than 0 seconds (startsecs)
2023-04-11 12:39:33,954 INFO exited: messenger-consume-parse_01 (exit status 1; not expected)
2023-04-11 12:39:33,999 INFO spawned: 'messenger-consume-parse_01' with pid 120
2023-04-11 12:39:34,001 INFO success: messenger-consume-parse_01 entered RUNNING state, process has stayed up for > than 0 seconds (startsecs)
2023-04-11 12:39:34,015 INFO exited: messenger-consume-parse_00 (exit status 1; not expected)
2023-04-11 12:39:34,058 INFO spawned: 'messenger-consume-parse_00' with pid 123
2023-04-11 12:39:34,060 INFO success: messenger-consume-parse_00 entered RUNNING state, process has stayed up for > than 0 seconds (startsecs)
2023-04-11 12:39:34,070 INFO exited: messenger-consume-parse_01 (exit status 1; not expected)
2023-04-11 12:39:34,139 INFO spawned: 'messenger-consume-parse_01' with pid 126
2023-04-11 12:39:34,142 INFO success: messenger-consume-parse_01 entered RUNNING state, process has stayed up for > than 0 seconds (startsecs)
2023-04-11 12:39:34,158 INFO exited: messenger-consume-parse_00 (exit status 1; not expected)
2023-04-11 12:39:34,205 INFO spawned: 'messenger-consume-parse_00' with pid 129
2023-04-11 12:39:34,208 INFO success: messenger-consume-parse_00 entered RUNNING state, process has stayed up for > than 0 seconds (startsecs)
2023-04-11 12:39:34,217 INFO exited: messenger-consume-parse_01 (exit status 1; not expected)
2023-04-11 12:39:34,269 INFO spawned: 'messenger-consume-parse_01' with pid 132
2023-04-11 12:39:34,272 INFO success: messenger-consume-parse_01 entered RUNNING state, process has stayed up for > than 0 seconds (startsecs)
2023-04-11 12:39:34,284 INFO exited: messenger-consume-parse_00 (exit status 1; not expected)
2023-04-11 12:39:34,343 INFO spawned: 'messenger-consume-parse_00' with pid 135
2023-04-11 12:39:34,346 INFO success: messenger-consume-parse_00 entered RUNNING state, process has stayed up for > than 0 seconds (startsecs)
2023-04-11 12:39:34,358 INFO exited: messenger-consume-parse_01 (exit status 1; not expected)
2023-04-11 12:39:34,417 INFO spawned: 'messenger-consume-parse_01' with pid 138
2023-04-11 12:39:34,419 INFO success: messenger-consume-parse_01 entered RUNNING state, process has stayed up for > than 0 seconds (startsecs)
2023-04-11 12:39:34,430 INFO exited: messenger-consume-parse_00 (exit status 1; not expected)
2023-04-11 12:39:34,478 INFO spawned: 'messenger-consume-parse_00' with pid 141
2023-04-11 12:39:34,481 INFO success: messenger-consume-parse_00 entered RUNNING state, process has stayed up for > than 0 seconds (startsecs)
2023-04-11 12:39:34,490 INFO exited: messenger-consume-parse_01 (exit status 1; not expected)
2023-04-11 12:39:34,537 INFO spawned: 'messenger-consume-parse_01' with pid 144
2023-04-11 12:39:34,539 INFO success: messenger-consume-parse_01 entered RUNNING state, process has stayed up for > than 0 seconds (startsecs)
2023-04-11 12:39:34,552 INFO exited: messenger-consume-parse_00 (exit status 1; not expected)
2023-04-11 12:39:34,611 INFO spawned: 'messenger-consume-parse_00' with pid 147
2023-04-11 12:39:34,615 INFO success: messenger-consume-parse_00 entered RUNNING state, process has stayed up for > than 0 seconds (startsecs)
2023-04-11 12:39:34,629 INFO exited: messenger-consume-parse_01 (exit status 1; not expected)
2023-04-11 12:39:34,690 INFO spawned: 'messenger-consume-parse_01' with pid 150
2023-04-11 12:39:34,692 INFO spawned: 'php-fpm' with pid 151
2023-04-11 12:39:34,693 INFO success: messenger-consume-parse_01 entered RUNNING state, process has stayed up for > than 0 seconds (startsecs)
2023-04-11 12:39:34,697 INFO exited: php-fpm (exit status 127; not expected)
2023-04-11 12:39:34,707 INFO exited: messenger-consume-parse_00 (exit status 1; not expected)
2023-04-11 12:39:34,761 INFO spawned: 'messenger-consume-parse_00' with pid 154
2023-04-11 12:39:34,764 INFO success: messenger-consume-parse_00 entered RUNNING state, process has stayed up for > than 0 seconds (startsecs)
2023-04-11 12:39:34,779 INFO exited: messenger-consume-parse_01 (exit status 1; not expected)
2023-04-11 12:39:34,833 INFO spawned: 'messenger-consume-parse_01' with pid 157
2023-04-11 12:39:34,836 INFO success: messenger-consume-parse_01 entered RUNNING state, process has stayed up for > than 0 seconds (startsecs)
2023-04-11 12:39:37,904 INFO spawned: 'php-fpm' with pid 160
2023-04-11 12:39:37,909 INFO exited: php-fpm (exit status 127; not expected)
2023-04-11 12:39:38,911 INFO gave up: php-fpm entered FATAL state, too many start retries too quickly
2023-04-11 12:41:24,053 WARN received SIGQUIT indicating exit request
2023-04-11 12:41:24,054 INFO waiting for messenger-consume-parse_00, messenger-consume-parse_01 to die
2023-04-11 12:41:25,060 INFO stopped: messenger-consume-parse_00 (terminated by SIGTERM)
2023-04-11 12:41:25,060 INFO stopped: messenger-consume-parse_01 (terminated by SIGTERM)
2023-04-11 12:41:45,027 INFO supervisord started with pid 1
2023-04-11 12:41:46,030 INFO spawned: 'php-fpm' with pid 7
2023-04-11 12:41:46,036 INFO exited: php-fpm (exit status 127; not expected)
2023-04-11 12:41:47,039 INFO spawned: 'php-fpm' with pid 8
2023-04-11 12:41:47,043 INFO exited: php-fpm (exit status 127; not expected)
2023-04-11 12:41:49,047 INFO spawned: 'php-fpm' with pid 9
2023-04-11 12:41:49,053 INFO exited: php-fpm (exit status 127; not expected)
2023-04-11 12:41:52,059 INFO spawned: 'php-fpm' with pid 10
2023-04-11 12:41:52,064 INFO exited: php-fpm (exit status 127; not expected)
2023-04-11 12:41:53,065 INFO gave up: php-fpm entered FATAL state, too many start retries too quickly
2023-04-11 12:43:25,175 WARN received SIGQUIT indicating exit request
2023-04-11 12:50:38,746 INFO supervisord started with pid 1
2023-04-11 12:50:39,749 INFO spawned: 'php-fpm' with pid 7
2023-04-11 12:50:39,753 INFO exited: php-fpm (exit status 127; not expected)
2023-04-11 12:50:40,755 INFO spawned: 'php-fpm' with pid 8
2023-04-11 12:50:40,759 INFO exited: php-fpm (exit status 127; not expected)
2023-04-11 12:50:42,762 INFO spawned: 'php-fpm' with pid 9
2023-04-11 12:50:42,767 INFO exited: php-fpm (exit status 127; not expected)
2023-04-11 12:50:45,774 INFO spawned: 'php-fpm' with pid 10
2023-04-11 12:50:45,779 INFO exited: php-fpm (exit status 127; not expected)
2023-04-11 12:50:46,780 INFO gave up: php-fpm entered FATAL state, too many start retries too quickly
2023-04-11 12:52:18,899 WARN received SIGQUIT indicating exit request
2023-04-11 12:52:38,761 INFO supervisord started with pid 1
2023-04-11 12:52:39,765 INFO spawned: 'php-fpm' with pid 7
2023-04-11 12:52:39,770 INFO exited: php-fpm (exit status 127; not expected)
2023-04-11 12:52:40,774 INFO spawned: 'php-fpm' with pid 8
2023-04-11 12:52:40,775 INFO exited: php-fpm (exit status 127; not expected)
2023-04-11 12:52:42,780 INFO spawned: 'php-fpm' with pid 9
2023-04-11 12:52:42,785 INFO exited: php-fpm (exit status 127; not expected)
2023-04-11 12:52:45,791 INFO spawned: 'php-fpm' with pid 10
2023-04-11 12:52:45,796 INFO exited: php-fpm (exit status 127; not expected)
2023-04-11 12:52:46,797 INFO gave up: php-fpm entered FATAL state, too many start retries too quickly
2023-04-11 12:53:59,892 WARN received SIGQUIT indicating exit request
2023-04-11 12:54:17,101 INFO supervisord started with pid 1
2023-04-11 12:54:18,106 INFO spawned: 'php-fpm' with pid 8
2023-04-11 12:54:18,111 INFO exited: php-fpm (exit status 127; not expected)
2023-04-11 12:54:19,113 INFO spawned: 'php-fpm' with pid 9
2023-04-11 12:54:19,117 INFO exited: php-fpm (exit status 127; not expected)
2023-04-11 12:54:21,121 INFO spawned: 'php-fpm' with pid 10
2023-04-11 12:54:21,126 INFO exited: php-fpm (exit status 127; not expected)
2023-04-11 12:54:24,130 INFO spawned: 'php-fpm' with pid 11
2023-04-11 12:54:24,134 INFO exited: php-fpm (exit status 127; not expected)
2023-04-11 12:54:25,136 INFO gave up: php-fpm entered FATAL state, too many start retries too quickly
2023-04-11 12:55:26,198 WARN received SIGQUIT indicating exit request
2023-04-11 12:55:43,836 INFO supervisord started with pid 1
2023-04-11 12:55:44,842 INFO spawned: 'php-fpm' with pid 7
2023-04-11 12:55:44,847 INFO exited: php-fpm (exit status 127; not expected)
2023-04-11 12:55:45,850 INFO spawned: 'php-fpm' with pid 8
2023-04-11 12:55:45,856 INFO exited: php-fpm (exit status 127; not expected)
2023-04-11 12:55:47,860 INFO spawned: 'php-fpm' with pid 9
2023-04-11 12:55:47,865 INFO exited: php-fpm (exit status 127; not expected)
2023-04-11 12:55:50,871 INFO spawned: 'php-fpm' with pid 10
2023-04-11 12:55:50,878 INFO exited: php-fpm (exit status 127; not expected)
2023-04-11 12:55:51,879 INFO gave up: php-fpm entered FATAL state, too many start retries too quickly
2023-04-11 12:56:21,916 WARN received SIGQUIT indicating exit request
2023-04-11 12:56:44,945 INFO supervisord started with pid 1
2023-04-11 12:56:45,949 INFO spawned: 'php-fpm' with pid 7
2023-04-11 12:56:47,015 INFO success: php-fpm entered RUNNING state, process has stayed up for > than 1 seconds (startsecs)
2023-04-11 12:58:24,430 WARN received SIGQUIT indicating exit request
2023-04-11 12:58:24,430 INFO waiting for php-fpm to die
2023-04-11 12:58:24,439 INFO stopped: php-fpm (exit status 0)
